#
# There is insufficient memory for the Java Runtime Environment to continue.
# Native memory allocation (mmap) failed to map 268435456 bytes for G1 virtual space
# Possible reasons:
#   The system is out of physical RAM or swap space
#   The process is running with CompressedOops enabled, and the Java Heap may be blocking the growth of the native heap
# Possible solutions:
#   Reduce memory load on the system
#   Increase physical memory or swap space
#   Check if swap backing store is full
#   Decrease Java heap size (-Xmx/-Xms)
#   Decrease number of Java threads
#   Decrease Java thread stack sizes (-Xss)
#   Set larger code cache with -XX:ReservedCodeCacheSize=
#   JVM is running with Zero Based Compressed Oops mode in which the Java heap is
#     placed in the first 32GB address space. The Java Heap base address is the
#     maximum limit for the native heap growth. Please use -XX:HeapBaseMinAddress
#     to set the Java Heap base and to place the Java Heap above 32GB virtual address.
# This output file may be truncated or incomplete.
#
#  Out of Memory Error (os_windows.cpp:3530), pid=11500, tid=10572
#
# JRE version:  (18.0.1.1+2) (build )
# Java VM: Java HotSpot(TM) 64-Bit Server VM (18.0.1.1+2-6, mixed mode, sharing, tiered, compressed oops, compressed class ptrs, g1 gc, windows-amd64)
# No core dump will be written. Minidumps are not enabled by default on client versions of Windows
#

---------------  S U M M A R Y ------------

Command Line: -Dclassworlds.conf=C:\Program Files\NetBeans-14\netbeans\java\maven\bin\m2.conf -Dmaven.home=C:\Program Files\NetBeans-14\netbeans\java\maven -Dlibrary.jansi.path=C:\Program Files\NetBeans-14\netbeans\java\maven\lib\jansi-native -Dmaven.multiModuleProjectDirectory=G:\Projects\Student_Management_System org.codehaus.plexus.classworlds.launcher.Launcher -Dexec.vmArgs= -Dexec.args=${exec.vmArgs} -classpath %classpath ${exec.mainClass} ${exec.appArgs} -Dexec.executable=C:\Program Files\Java\jdk-18.0.1.1\bin\java.exe -Dexec.mainClass=Source.Window -Dexec.classpathScope=runtime -Dexec.appArgs= -Dmaven.ext.class.path=C:\Program Files\NetBeans-14\netbeans\java\maven-nblib\netbeans-eventspy.jar org.codehaus.mojo:exec-maven-plugin:3.0.0:exec

Host: AMD Ryzen 3 2200G with Radeon Vega Graphics    , 4 cores, 15G,  Windows 11 , 64 bit Build 22621 (10.0.22621.1)
Time: Thu Jun 23 21:34:05 2022 India Standard Time elapsed time: 0.011820 seconds (0d 0h 0m 0s)

---------------  T H R E A D  ---------------

Current thread (0x0000026a7eaf2100):  JavaThread "Unknown thread" [_thread_in_vm, id=10572, stack(0x0000008af3f00000,0x0000008af4000000)]

Stack: [0x0000008af3f00000,0x0000008af4000000]
Native frames: (J=compiled Java code, j=interpreted, Vv=VM code, C=native code)
V  [jvm.dll+0x69887a]
V  [jvm.dll+0x7f38bd]
V  [jvm.dll+0x7f51ce]
V  [jvm.dll+0x7f5883]
V  [jvm.dll+0x25ca3f]
V  [jvm.dll+0x6957c9]
V  [jvm.dll+0x68a2fa]
V  [jvm.dll+0x321efb]
V  [jvm.dll+0x3298d6]
V  [jvm.dll+0x37e47e]
V  [jvm.dll+0x37e6af]
V  [jvm.dll+0x2f9c7a]
V  [jvm.dll+0x2facdd]
V  [jvm.dll+0x7c24f0]
V  [jvm.dll+0x38b801]
V  [jvm.dll+0x7a1203]
V  [jvm.dll+0x40d6bf]
V  [jvm.dll+0x40f091]
C  [jli.dll+0x526b]
C  [ucrtbase.dll+0x29363]
C  [KERNEL32.DLL+0x1244d]
C  [ntdll.dll+0x5df88]


---------------  P R O C E S S  ---------------

Threads class SMR info:
_java_thread_list=0x00007ff8854fd550, length=0, elements={
}

Java Threads: ( => current thread )

Other Threads:
  0x0000026a7eb60ad0 WorkerThread "GC Thread#0" [stack: 0x0000008af4000000,0x0000008af4100000] [id=10532]
  0x0000026a7eb71940 ConcurrentGCThread "G1 Main Marker" [stack: 0x0000008af4100000,0x0000008af4200000] [id=9284]
  0x0000026a7eb74a00 WorkerThread "G1 Conc#0" [stack: 0x0000008af4200000,0x0000008af4300000] [id=7268]

[error occurred during error reporting (printing all threads), id 0xc0000005, EXCEPTION_ACCESS_VIOLATION (0xc0000005) at pc=0x00007ff884d2a217]

VM state: not at safepoint (not fully initialized)

VM Mutex/Monitor currently owned by a thread:  ([mutex/lock_event])
[0x0000026a7c9eaaf0] Heap_lock - owner thread: 0x0000026a7eaf2100

Heap address: 0x0000000701200000, size: 4078 MB, Compressed Oops mode: Zero based, Oop shift amount: 3

CDS archive(s) mapped at: [0x0000000000000000-0x0000000000000000-0x0000000000000000), size 0, SharedBaseAddress: 0x0000000800000000, ArchiveRelocationMode: 0.
Narrow klass base: 0x0000000000000000, Narrow klass shift: 0, Narrow klass range: 0x0

GC Precious Log:
 CardTable entry size: 512
 Card Set container configuration: InlinePtr #cards 4 size 8 Array Of Cards #cards 16 size 48 Howl #buckets 8 coarsen threshold 3686 Howl Bitmap #cards 512 size 80 coarsen threshold 460 Card regions per heap region 1 cards per card region 4096

Heap:
 garbage-first heap   total 0K, used 0K [0x0000000701200000, 0x0000000800000000)
  region size 2048K, 0 young (0K), 0 survivors (0K)

[error occurred during error reporting (printing heap information), id 0xc0000005, EXCEPTION_ACCESS_VIOLATION (0xc0000005) at pc=0x00007ff885110cb9]

GC Heap History (0 events):
No events

Deoptimization events (0 events):
No events

Classes loaded (0 events):
No events

Classes unloaded (0 events):
No events

Classes redefined (0 events):
No events

Internal exceptions (0 events):
No events

VM Operations (0 events):
No events

Events (1 events):
Event: 0.008 Loaded shared library C:\Program Files\Java\jdk-18.0.1.1\bin\java.dll


Dynamic libraries:
0x00007ff748260000 - 0x00007ff748270000 	C:\Program Files\Java\jdk-18.0.1.1\bin\java.exe
0x00007ff8eab50000 - 0x00007ff8ead64000 	C:\WINDOWS\SYSTEM32\ntdll.dll
0x00007ff8e9b70000 - 0x00007ff8e9c32000 	C:\WINDOWS\System32\KERNEL32.DLL
0x00007ff8e7fa0000 - 0x00007ff8e833c000 	C:\WINDOWS\System32\KERNELBASE.dll
0x00007ff8e8730000 - 0x00007ff8e8841000 	C:\WINDOWS\System32\ucrtbase.dll
0x00007ff8d5630000 - 0x00007ff8d564a000 	C:\Program Files\Java\jdk-18.0.1.1\bin\VCRUNTIME140.dll
0x00007ff8dddf0000 - 0x00007ff8dde08000 	C:\Program Files\Java\jdk-18.0.1.1\bin\jli.dll
0x00007ff8ea0c0000 - 0x00007ff8ea16e000 	C:\WINDOWS\System32\ADVAPI32.dll
0x00007ff8e9ea0000 - 0x00007ff8e9f47000 	C:\WINDOWS\System32\msvcrt.dll
0x00007ff8e9df0000 - 0x00007ff8e9e94000 	C:\WINDOWS\System32\sechost.dll
0x00007ff8e95a0000 - 0x00007ff8e96b5000 	C:\WINDOWS\System32\RPCRT4.dll
0x00007ff8e9c40000 - 0x00007ff8e9deb000 	C:\WINDOWS\System32\USER32.dll
0x00007ff8e8690000 - 0x00007ff8e86b6000 	C:\WINDOWS\System32\win32u.dll
0x00007ff8dc850000 - 0x00007ff8dcade000 	C:\WINDOWS\WinSxS\amd64_microsoft.windows.common-controls_6595b64144ccf1df_6.0.22621.1_none_60e502bd9af5bef0\COMCTL32.dll
0x00007ff8e9b40000 - 0x00007ff8e9b69000 	C:\WINDOWS\System32\GDI32.dll
0x00007ff8e8850000 - 0x00007ff8e8962000 	C:\WINDOWS\System32\gdi32full.dll
0x00007ff8e8570000 - 0x00007ff8e860a000 	C:\WINDOWS\System32\msvcp_win.dll
0x00007ff8e0630000 - 0x00007ff8e063a000 	C:\WINDOWS\SYSTEM32\VERSION.dll
0x00007ff8ea560000 - 0x00007ff8ea591000 	C:\WINDOWS\System32\IMM32.DLL
0x00007ff8dccf0000 - 0x00007ff8dccfc000 	C:\Program Files\Java\jdk-18.0.1.1\bin\vcruntime140_1.dll
0x00007ff893860000 - 0x00007ff8938ed000 	C:\Program Files\Java\jdk-18.0.1.1\bin\msvcp140.dll
0x00007ff884a20000 - 0x00007ff885630000 	C:\Program Files\Java\jdk-18.0.1.1\bin\server\jvm.dll
0x00007ff8eaaf0000 - 0x00007ff8eaaf8000 	C:\WINDOWS\System32\PSAPI.DLL
0x00007ff8df0c0000 - 0x00007ff8df0f4000 	C:\WINDOWS\SYSTEM32\WINMM.dll
0x00007ff8dcd90000 - 0x00007ff8dcd99000 	C:\WINDOWS\SYSTEM32\WSOCK32.dll
0x00007ff8e9fc0000 - 0x00007ff8ea031000 	C:\WINDOWS\System32\ws2_32.DLL
0x00007ff8e7100000 - 0x00007ff8e7118000 	C:\WINDOWS\SYSTEM32\kernel.appcore.dll
0x00007ff8dcb10000 - 0x00007ff8dcb1a000 	C:\Program Files\Java\jdk-18.0.1.1\bin\jimage.dll
0x00007ff8dfac0000 - 0x00007ff8dfcee000 	C:\WINDOWS\SYSTEM32\DBGHELP.DLL
0x00007ff8ea5a0000 - 0x00007ff8ea929000 	C:\WINDOWS\System32\combase.dll
0x00007ff8ea170000 - 0x00007ff8ea247000 	C:\WINDOWS\System32\OLEAUT32.dll
0x00007ff8d1280000 - 0x00007ff8d12b2000 	C:\WINDOWS\SYSTEM32\dbgcore.DLL
0x00007ff8e8610000 - 0x00007ff8e868b000 	C:\WINDOWS\System32\bcryptPrimitives.dll
0x00007ff8b0570000 - 0x00007ff8b0595000 	C:\Program Files\Java\jdk-18.0.1.1\bin\java.dll

dbghelp: loaded successfully - version: 4.0.5 - missing functions: none
symbol engine: initialized successfully - sym options: 0x614 - pdb path: .;C:\Program Files\Java\jdk-18.0.1.1\bin;C:\WINDOWS\SYSTEM32;C:\WINDOWS\WinSxS\amd64_microsoft.windows.common-controls_6595b64144ccf1df_6.0.22621.1_none_60e502bd9af5bef0;C:\Program Files\Java\jdk-18.0.1.1\bin\server

VM Arguments:
jvm_args: -Dclassworlds.conf=C:\Program Files\NetBeans-14\netbeans\java\maven\bin\m2.conf -Dmaven.home=C:\Program Files\NetBeans-14\netbeans\java\maven -Dlibrary.jansi.path=C:\Program Files\NetBeans-14\netbeans\java\maven\lib\jansi-native -Dmaven.multiModuleProjectDirectory=G:\Projects\Student_Management_System 
java_command: org.codehaus.plexus.classworlds.launcher.Launcher -Dexec.vmArgs= -Dexec.args=${exec.vmArgs} -classpath %classpath ${exec.mainClass} ${exec.appArgs} -Dexec.executable=C:\Program Files\Java\jdk-18.0.1.1\bin\java.exe -Dexec.mainClass=Source.Window -Dexec.classpathScope=runtime -Dexec.appArgs= -Dmaven.ext.class.path=C:\Program Files\NetBeans-14\netbeans\java\maven-nblib\netbeans-eventspy.jar org.codehaus.mojo:exec-maven-plugin:3.0.0:exec
java_class_path (initial): C:\Program Files\NetBeans-14\netbeans\java\maven\boot\plexus-classworlds-2.6.0.jar
Launcher Type: SUN_STANDARD

[Global flags]
     intx CICompilerCount                          = 3                                         {product} {ergonomic}
     uint ConcGCThreads                            = 1                                         {product} {ergonomic}
     uint G1ConcRefinementThreads                  = 4                                         {product} {ergonomic}
   size_t G1HeapRegionSize                         = 2097152                                   {product} {ergonomic}
    uintx GCDrainStackTargetSize                   = 64                                        {product} {ergonomic}
   size_t InitialHeapSize                          = 268435456                                 {product} {ergonomic}
   size_t MarkStackSize                            = 4194304                                   {product} {ergonomic}
   size_t MaxHeapSize                              = 4276092928                                {product} {ergonomic}
   size_t MinHeapDeltaBytes                        = 2097152                                   {product} {ergonomic}
   size_t MinHeapSize                              = 8388608                                   {product} {ergonomic}
    uintx NonNMethodCodeHeapSize                   = 5832780                                {pd product} {ergonomic}
    uintx NonProfiledCodeHeapSize                  = 122912730                              {pd product} {ergonomic}
    uintx ProfiledCodeHeapSize                     = 122912730                              {pd product} {ergonomic}
    uintx ReservedCodeCacheSize                    = 251658240                              {pd product} {ergonomic}
     bool SegmentedCodeCache                       = true                                      {product} {ergonomic}
   size_t SoftMaxHeapSize                          = 4276092928                             {manageable} {ergonomic}
     bool UseCompressedClassPointers               = true                           {product lp64_product} {ergonomic}
     bool UseCompressedOops                        = true                           {product lp64_product} {ergonomic}
     bool UseG1GC                                  = true                                      {product} {ergonomic}
     bool UseLargePagesIndividualAllocation        = false                                  {pd product} {ergonomic}

Logging:
Log output configuration:
 #0: stdout all=warning uptime,level,tags foldmultilines=false
 #1: stderr all=off uptime,level,tags foldmultilines=false

Environment Variables:
JAVA_HOME=C:\Program Files\Java\jdk-18.0.1.1
PATH=C:\Program Files\Common Files\Oracle\Java\javapath;C:\Program Files (x86)\Common Files\Oracle\Java\javapath;C:\WINDOWS\system32;C:\WINDOWS;C:\WINDOWS\System32\Wbem;C:\WINDOWS\System32\WindowsPowerShell\v1.0\;C:\WINDOWS\System32\OpenSSH\;C:\Program Files\Git\cmd;C:\Program Files\Microsoft SQL Server\Client SDK\ODBC\170\Tools\Binn\;C:\Program Files (x86)\Microsoft SQL Server\150\Tools\Binn\;C:\Program Files\Microsoft SQL Server\150\Tools\Binn\;C:\Program Files\Microsoft SQL Server\150\DTS\Binn\;C:\Users\tanuj\AppData\Local\Programs\Python\Python310\Scripts\;C:\Users\tanuj\AppData\Local\Programs\Python\Python310\;C:\Users\tanuj\AppData\Local\Microsoft\WindowsApps;;C:\Users\tanuj\AppData\Local\Programs\Microsoft VS Code\bin
USERNAME=tanuj
OS=Windows_NT
PROCESSOR_IDENTIFIER=AMD64 Family 23 Model 17 Stepping 0, AuthenticAMD



---------------  S Y S T E M  ---------------

OS:
 Windows 11 , 64 bit Build 22621 (10.0.22621.1)
OS uptime: 1 days 1:18 hours

CPU: total 4 (initial active 4) (4 cores per cpu, 1 threads per core) family 23 model 17 stepping 0 microcode 0x0, cx8, cmov, fxsr, mmx, 3dnowpref, sse, sse2, sse3, ssse3, sse4a, sse4.1, sse4.2, popcnt, lzcnt, tsc, tscinvbit, avx, avx2, aes, clmul, bmi1, bmi2, adx, sha, fma, vzeroupper, clflush, clflushopt

Memory: 4k page, system-wide physical 16307M (5814M free)
TotalPageFile size 29071M (AvailPageFile size 239M)
current process WorkingSet (physical memory assigned to process): 11M, peak: 11M
current process commit charge ("private bytes"): 52M, peak: 308M

vm_info: Java HotSpot(TM) 64-Bit Server VM (18.0.1.1+2-6) for windows-amd64 JRE (18.0.1.1+2-6), built on Apr 25 2022 21:53:15 by "mach5one" with MS VC++ 16.8 / 16.9 (VS2019)

END.
