#
# There is insufficient memory for the Java Runtime Environment to continue.
# Native memory allocation (malloc) failed to allocate 32744 bytes for Chunk::new
# Possible reasons:
#   The system is out of physical RAM or swap space
#   The process is running with CompressedOops enabled, and the Java Heap may be blocking the growth of the native heap
# Possible solutions:
#   Reduce memory load on the system
#   Increase physical memory or swap space
#   Check if swap backing store is full
#   Decrease Java heap size (-Xmx/-Xms)
#   Decrease number of Java threads
#   Decrease Java thread stack sizes (-Xss)
#   Set larger code cache with -XX:ReservedCodeCacheSize=
#   JVM is running with Zero Based Compressed Oops mode in which the Java heap is
#     placed in the first 32GB address space. The Java Heap base address is the
#     maximum limit for the native heap growth. Please use -XX:HeapBaseMinAddress
#     to set the Java Heap base and to place the Java Heap above 32GB virtual address.
# This output file may be truncated or incomplete.
#
#  Out of Memory Error (arena.cpp:184), pid=9952, tid=10036
#
# JRE version: Java(TM) SE Runtime Environment (18.0.1.1+2) (build 18.0.1.1+2-6)
# Java VM: Java HotSpot(TM) 64-Bit Server VM (18.0.1.1+2-6, mixed mode, sharing, tiered, compressed oops, compressed class ptrs, g1 gc, windows-amd64)
# No core dump will be written. Minidumps are not enabled by default on client versions of Windows
#

---------------  S U M M A R Y ------------

Command Line: -Dclassworlds.conf=C:\Program Files\NetBeans-14\netbeans\java\maven\bin\m2.conf -Dmaven.home=C:\Program Files\NetBeans-14\netbeans\java\maven -Dlibrary.jansi.path=C:\Program Files\NetBeans-14\netbeans\java\maven\lib\jansi-native -Dmaven.multiModuleProjectDirectory=G:\Projects\Student_Management_System org.codehaus.plexus.classworlds.launcher.Launcher -Dexec.vmArgs= -Dexec.args=${exec.vmArgs} -classpath %classpath ${exec.mainClass} ${exec.appArgs} -Dexec.executable=C:\Program Files\Java\jdk-18.0.1.1\bin\java.exe -Dexec.mainClass=Source.Window -Dexec.classpathScope=runtime -Dexec.appArgs= -Dmaven.ext.class.path=C:\Program Files\NetBeans-14\netbeans\java\maven-nblib\netbeans-eventspy.jar org.codehaus.mojo:exec-maven-plugin:3.0.0:exec

Host: AMD Ryzen 3 2200G with Radeon Vega Graphics    , 4 cores, 15G,  Windows 11 , 64 bit Build 22621 (10.0.22621.1)
Time: Thu Jun 23 21:33:49 2022 India Standard Time elapsed time: 0.134624 seconds (0d 0h 0m 0s)

---------------  T H R E A D  ---------------

Current thread (0x00000155e68019f0):  JavaThread "C1 CompilerThread0" daemon [_thread_in_native, id=10036, stack(0x00000051cb300000,0x00000051cb400000)]


Current CompileTask:
C1:    134  212       3       java.lang.String::<init> (830 bytes)

Stack: [0x00000051cb300000,0x00000051cb400000]
Native frames: (J=compiled Java code, j=interpreted, Vv=VM code, C=native code)
V  [jvm.dll+0x69887a]
V  [jvm.dll+0x7f38bd]
V  [jvm.dll+0x7f51ce]
V  [jvm.dll+0x7f5883]
V  [jvm.dll+0x25ca3f]
V  [jvm.dll+0xb8c2f]
V  [jvm.dll+0xb8fa5]
V  [jvm.dll+0x14c321]
V  [jvm.dll+0x14c719]
V  [jvm.dll+0x15c7f6]
V  [jvm.dll+0x1482e0]
V  [jvm.dll+0x148640]
V  [jvm.dll+0x148926]
V  [jvm.dll+0x147d9a]
V  [jvm.dll+0x149a81]
V  [jvm.dll+0x23e8ca]
V  [jvm.dll+0x23cbb5]
V  [jvm.dll+0x7a5fb1]
V  [jvm.dll+0x7a03ea]
V  [jvm.dll+0x697725]
C  [ucrtbase.dll+0x29363]
C  [KERNEL32.DLL+0x1244d]
C  [ntdll.dll+0x5df88]


---------------  P R O C E S S  ---------------

Threads class SMR info:
_java_thread_list=0x00000155eac967a0, length=12, elements={
0x00000155c4265940, 0x00000155e67a0ed0, 0x00000155e67a3790, 0x00000155e67bca80,
0x00000155e67bf340, 0x00000155e67bfbf0, 0x00000155e67c04a0, 0x00000155e67c1080,
0x00000155e68019f0, 0x00000155e6846a90, 0x00000155eacb50d0, 0x00000155eacb5dc0
}

Java Threads: ( => current thread )
  0x00000155c4265940 JavaThread "main" [_thread_in_Java, id=1940, stack(0x00000051ca500000,0x00000051ca600000)]
  0x00000155e67a0ed0 JavaThread "Reference Handler" daemon [_thread_blocked, id=6736, stack(0x00000051cac00000,0x00000051cad00000)]
  0x00000155e67a3790 JavaThread "Finalizer" daemon [_thread_blocked, id=3484, stack(0x00000051cad00000,0x00000051cae00000)]
  0x00000155e67bca80 JavaThread "Signal Dispatcher" daemon [_thread_blocked, id=8416, stack(0x00000051cae00000,0x00000051caf00000)]
  0x00000155e67bf340 JavaThread "Attach Listener" daemon [_thread_blocked, id=10644, stack(0x00000051caf00000,0x00000051cb000000)]
  0x00000155e67bfbf0 JavaThread "Service Thread" daemon [_thread_blocked, id=11580, stack(0x00000051cb000000,0x00000051cb100000)]
  0x00000155e67c04a0 JavaThread "Monitor Deflation Thread" daemon [_thread_blocked, id=6264, stack(0x00000051cb100000,0x00000051cb200000)]
  0x00000155e67c1080 JavaThread "C2 CompilerThread0" daemon [_thread_blocked, id=1716, stack(0x00000051cb200000,0x00000051cb300000)]
=>0x00000155e68019f0 JavaThread "C1 CompilerThread0" daemon [_thread_in_native, id=10036, stack(0x00000051cb300000,0x00000051cb400000)]
  0x00000155e6846a90 JavaThread "Sweeper thread" daemon [_thread_blocked, id=2024, stack(0x00000051cb400000,0x00000051cb500000)]
  0x00000155eacb50d0 JavaThread "Notification Thread" daemon [_thread_blocked, id=9572, stack(0x00000051cb500000,0x00000051cb600000)]
  0x00000155eacb5dc0 JavaThread "Common-Cleaner" daemon [_thread_blocked, id=5984, stack(0x00000051cb700000,0x00000051cb800000)]

Other Threads:
  0x00000155c42eed00 VMThread "VM Thread" [stack: 0x00000051cab00000,0x00000051cac00000] [id=4280]
  0x00000155eacb59a0 WatcherThread "VM Periodic Task Thread" [stack: 0x00000051cb600000,0x00000051cb700000] [id=6692]
  0x00000155c42d3ce0 WorkerThread "GC Thread#0" [stack: 0x00000051ca600000,0x00000051ca700000] [id=5024]
  0x00000155c42e4a50 ConcurrentGCThread "G1 Main Marker" [stack: 0x00000051ca700000,0x00000051ca800000] [id=11788]
  0x00000155c42e7a10 WorkerThread "G1 Conc#0" [stack: 0x00000051ca800000,0x00000051ca900000] [id=8160]
  0x00000155e66560b0 ConcurrentGCThread "G1 Refine#0" [stack: 0x00000051ca900000,0x00000051caa00000] [id=10320]
  0x00000155e66568d0 ConcurrentGCThread "G1 Service" [stack: 0x00000051caa00000,0x00000051cab00000] [id=12244]

Threads with active compile tasks:
C1 CompilerThread0      149  212       3       java.lang.String::<init> (830 bytes)

VM state: not at safepoint (normal execution)

VM Mutex/Monitor currently owned by a thread: None

Heap address: 0x0000000701200000, size: 4078 MB, Compressed Oops mode: Zero based, Oop shift amount: 3

CDS archive(s) mapped at: [0x0000000800000000-0x0000000800ba0000-0x0000000800ba0000), size 12189696, SharedBaseAddress: 0x0000000800000000, ArchiveRelocationMode: 0.
Compressed class space mapped at: 0x0000000800c00000-0x0000000840c00000, reserved size: 1073741824
Narrow klass base: 0x0000000800000000, Narrow klass shift: 0, Narrow klass range: 0x100000000

GC Precious Log:
 CardTable entry size: 512
 Card Set container configuration: InlinePtr #cards 4 size 8 Array Of Cards #cards 16 size 48 Howl #buckets 8 coarsen threshold 3686 Howl Bitmap #cards 512 size 80 coarsen threshold 460 Card regions per heap region 1 cards per card region 4096
 CPUs: 4 total, 4 available
 Memory: 16307M
 Large Page Support: Disabled
 NUMA Support: Disabled
 Compressed Oops: Enabled (Zero based)
 Heap Region Size: 2M
 Heap Min Capacity: 8M
 Heap Initial Capacity: 256M
 Heap Max Capacity: 4078M
 Pre-touch: Disabled
 Parallel Workers: 4
 Concurrent Workers: 1
 Concurrent Refinement Workers: 4
 Periodic GC: Disabled

Heap:
 garbage-first heap   total 262144K, used 2048K [0x0000000701200000, 0x0000000800000000)
  region size 2048K, 2 young (4096K), 0 survivors (0K)
 Metaspace       used 610K, committed 768K, reserved 1114112K
  class space    used 42K, committed 128K, reserved 1048576K

Heap Regions: E=young(eden), S=young(survivor), O=old, HS=humongous(starts), HC=humongous(continues), CS=collection set, F=free, OA=open archive, CA=closed archive, TAMS=top-at-mark-start (previous, next)
|   0|0x0000000701200000, 0x0000000701200000, 0x0000000701400000|  0%| F|  |TAMS 0x0000000701200000, 0x0000000701200000| Untracked 
|   1|0x0000000701400000, 0x0000000701400000, 0x0000000701600000|  0%| F|  |TAMS 0x0000000701400000, 0x0000000701400000| Untracked 
|   2|0x0000000701600000, 0x0000000701600000, 0x0000000701800000|  0%| F|  |TAMS 0x0000000701600000, 0x0000000701600000| Untracked 
|   3|0x0000000701800000, 0x0000000701800000, 0x0000000701a00000|  0%| F|  |TAMS 0x0000000701800000, 0x0000000701800000| Untracked 
|   4|0x0000000701a00000, 0x0000000701a00000, 0x0000000701c00000|  0%| F|  |TAMS 0x0000000701a00000, 0x0000000701a00000| Untracked 
|   5|0x0000000701c00000, 0x0000000701c00000, 0x0000000701e00000|  0%| F|  |TAMS 0x0000000701c00000, 0x0000000701c00000| Untracked 
|   6|0x0000000701e00000, 0x0000000701e00000, 0x0000000702000000|  0%| F|  |TAMS 0x0000000701e00000, 0x0000000701e00000| Untracked 
|   7|0x0000000702000000, 0x0000000702000000, 0x0000000702200000|  0%| F|  |TAMS 0x0000000702000000, 0x0000000702000000| Untracked 
|   8|0x0000000702200000, 0x0000000702200000, 0x0000000702400000|  0%| F|  |TAMS 0x0000000702200000, 0x0000000702200000| Untracked 
|   9|0x0000000702400000, 0x0000000702400000, 0x0000000702600000|  0%| F|  |TAMS 0x0000000702400000, 0x0000000702400000| Untracked 
|  10|0x0000000702600000, 0x0000000702600000, 0x0000000702800000|  0%| F|  |TAMS 0x0000000702600000, 0x0000000702600000| Untracked 
|  11|0x0000000702800000, 0x0000000702800000, 0x0000000702a00000|  0%| F|  |TAMS 0x0000000702800000, 0x0000000702800000| Untracked 
|  12|0x0000000702a00000, 0x0000000702a00000, 0x0000000702c00000|  0%| F|  |TAMS 0x0000000702a00000, 0x0000000702a00000| Untracked 
|  13|0x0000000702c00000, 0x0000000702c00000, 0x0000000702e00000|  0%| F|  |TAMS 0x0000000702c00000, 0x0000000702c00000| Untracked 
|  14|0x0000000702e00000, 0x0000000702e00000, 0x0000000703000000|  0%| F|  |TAMS 0x0000000702e00000, 0x0000000702e00000| Untracked 
|  15|0x0000000703000000, 0x0000000703000000, 0x0000000703200000|  0%| F|  |TAMS 0x0000000703000000, 0x0000000703000000| Untracked 
|  16|0x0000000703200000, 0x0000000703200000, 0x0000000703400000|  0%| F|  |TAMS 0x0000000703200000, 0x0000000703200000| Untracked 
|  17|0x0000000703400000, 0x0000000703400000, 0x0000000703600000|  0%| F|  |TAMS 0x0000000703400000, 0x0000000703400000| Untracked 
|  18|0x0000000703600000, 0x0000000703600000, 0x0000000703800000|  0%| F|  |TAMS 0x0000000703600000, 0x0000000703600000| Untracked 
|  19|0x0000000703800000, 0x0000000703800000, 0x0000000703a00000|  0%| F|  |TAMS 0x0000000703800000, 0x0000000703800000| Untracked 
|  20|0x0000000703a00000, 0x0000000703a00000, 0x0000000703c00000|  0%| F|  |TAMS 0x0000000703a00000, 0x0000000703a00000| Untracked 
|  21|0x0000000703c00000, 0x0000000703c00000, 0x0000000703e00000|  0%| F|  |TAMS 0x0000000703c00000, 0x0000000703c00000| Untracked 
|  22|0x0000000703e00000, 0x0000000703e00000, 0x0000000704000000|  0%| F|  |TAMS 0x0000000703e00000, 0x0000000703e00000| Untracked 
|  23|0x0000000704000000, 0x0000000704000000, 0x0000000704200000|  0%| F|  |TAMS 0x0000000704000000, 0x0000000704000000| Untracked 
|  24|0x0000000704200000, 0x0000000704200000, 0x0000000704400000|  0%| F|  |TAMS 0x0000000704200000, 0x0000000704200000| Untracked 
|  25|0x0000000704400000, 0x0000000704400000, 0x0000000704600000|  0%| F|  |TAMS 0x0000000704400000, 0x0000000704400000| Untracked 
|  26|0x0000000704600000, 0x0000000704600000, 0x0000000704800000|  0%| F|  |TAMS 0x0000000704600000, 0x0000000704600000| Untracked 
|  27|0x0000000704800000, 0x0000000704800000, 0x0000000704a00000|  0%| F|  |TAMS 0x0000000704800000, 0x0000000704800000| Untracked 
|  28|0x0000000704a00000, 0x0000000704a00000, 0x0000000704c00000|  0%| F|  |TAMS 0x0000000704a00000, 0x0000000704a00000| Untracked 
|  29|0x0000000704c00000, 0x0000000704c00000, 0x0000000704e00000|  0%| F|  |TAMS 0x0000000704c00000, 0x0000000704c00000| Untracked 
|  30|0x0000000704e00000, 0x0000000704e00000, 0x0000000705000000|  0%| F|  |TAMS 0x0000000704e00000, 0x0000000704e00000| Untracked 
|  31|0x0000000705000000, 0x0000000705000000, 0x0000000705200000|  0%| F|  |TAMS 0x0000000705000000, 0x0000000705000000| Untracked 
|  32|0x0000000705200000, 0x0000000705200000, 0x0000000705400000|  0%| F|  |TAMS 0x0000000705200000, 0x0000000705200000| Untracked 
|  33|0x0000000705400000, 0x0000000705400000, 0x0000000705600000|  0%| F|  |TAMS 0x0000000705400000, 0x0000000705400000| Untracked 
|  34|0x0000000705600000, 0x0000000705600000, 0x0000000705800000|  0%| F|  |TAMS 0x0000000705600000, 0x0000000705600000| Untracked 
|  35|0x0000000705800000, 0x0000000705800000, 0x0000000705a00000|  0%| F|  |TAMS 0x0000000705800000, 0x0000000705800000| Untracked 
|  36|0x0000000705a00000, 0x0000000705a00000, 0x0000000705c00000|  0%| F|  |TAMS 0x0000000705a00000, 0x0000000705a00000| Untracked 
|  37|0x0000000705c00000, 0x0000000705c00000, 0x0000000705e00000|  0%| F|  |TAMS 0x0000000705c00000, 0x0000000705c00000| Untracked 
|  38|0x0000000705e00000, 0x0000000705e00000, 0x0000000706000000|  0%| F|  |TAMS 0x0000000705e00000, 0x0000000705e00000| Untracked 
|  39|0x0000000706000000, 0x0000000706000000, 0x0000000706200000|  0%| F|  |TAMS 0x0000000706000000, 0x0000000706000000| Untracked 
|  40|0x0000000706200000, 0x0000000706200000, 0x0000000706400000|  0%| F|  |TAMS 0x0000000706200000, 0x0000000706200000| Untracked 
|  41|0x0000000706400000, 0x0000000706400000, 0x0000000706600000|  0%| F|  |TAMS 0x0000000706400000, 0x0000000706400000| Untracked 
|  42|0x0000000706600000, 0x0000000706600000, 0x0000000706800000|  0%| F|  |TAMS 0x0000000706600000, 0x0000000706600000| Untracked 
|  43|0x0000000706800000, 0x0000000706800000, 0x0000000706a00000|  0%| F|  |TAMS 0x0000000706800000, 0x0000000706800000| Untracked 
|  44|0x0000000706a00000, 0x0000000706a00000, 0x0000000706c00000|  0%| F|  |TAMS 0x0000000706a00000, 0x0000000706a00000| Untracked 
|  45|0x0000000706c00000, 0x0000000706c00000, 0x0000000706e00000|  0%| F|  |TAMS 0x0000000706c00000, 0x0000000706c00000| Untracked 
|  46|0x0000000706e00000, 0x0000000706e00000, 0x0000000707000000|  0%| F|  |TAMS 0x0000000706e00000, 0x0000000706e00000| Untracked 
|  47|0x0000000707000000, 0x0000000707000000, 0x0000000707200000|  0%| F|  |TAMS 0x0000000707000000, 0x0000000707000000| Untracked 
|  48|0x0000000707200000, 0x0000000707200000, 0x0000000707400000|  0%| F|  |TAMS 0x0000000707200000, 0x0000000707200000| Untracked 
|  49|0x0000000707400000, 0x0000000707400000, 0x0000000707600000|  0%| F|  |TAMS 0x0000000707400000, 0x0000000707400000| Untracked 
|  50|0x0000000707600000, 0x0000000707600000, 0x0000000707800000|  0%| F|  |TAMS 0x0000000707600000, 0x0000000707600000| Untracked 
|  51|0x0000000707800000, 0x0000000707800000, 0x0000000707a00000|  0%| F|  |TAMS 0x0000000707800000, 0x0000000707800000| Untracked 
|  52|0x0000000707a00000, 0x0000000707a00000, 0x0000000707c00000|  0%| F|  |TAMS 0x0000000707a00000, 0x0000000707a00000| Untracked 
|  53|0x0000000707c00000, 0x0000000707c00000, 0x0000000707e00000|  0%| F|  |TAMS 0x0000000707c00000, 0x0000000707c00000| Untracked 
|  54|0x0000000707e00000, 0x0000000707e00000, 0x0000000708000000|  0%| F|  |TAMS 0x0000000707e00000, 0x0000000707e00000| Untracked 
|  55|0x0000000708000000, 0x0000000708000000, 0x0000000708200000|  0%| F|  |TAMS 0x0000000708000000, 0x0000000708000000| Untracked 
|  56|0x0000000708200000, 0x0000000708200000, 0x0000000708400000|  0%| F|  |TAMS 0x0000000708200000, 0x0000000708200000| Untracked 
|  57|0x0000000708400000, 0x0000000708400000, 0x0000000708600000|  0%| F|  |TAMS 0x0000000708400000, 0x0000000708400000| Untracked 
|  58|0x0000000708600000, 0x0000000708600000, 0x0000000708800000|  0%| F|  |TAMS 0x0000000708600000, 0x0000000708600000| Untracked 
|  59|0x0000000708800000, 0x0000000708800000, 0x0000000708a00000|  0%| F|  |TAMS 0x0000000708800000, 0x0000000708800000| Untracked 
|  60|0x0000000708a00000, 0x0000000708a00000, 0x0000000708c00000|  0%| F|  |TAMS 0x0000000708a00000, 0x0000000708a00000| Untracked 
|  61|0x0000000708c00000, 0x0000000708c00000, 0x0000000708e00000|  0%| F|  |TAMS 0x0000000708c00000, 0x0000000708c00000| Untracked 
|  62|0x0000000708e00000, 0x0000000708e00000, 0x0000000709000000|  0%| F|  |TAMS 0x0000000708e00000, 0x0000000708e00000| Untracked 
|  63|0x0000000709000000, 0x0000000709000000, 0x0000000709200000|  0%| F|  |TAMS 0x0000000709000000, 0x0000000709000000| Untracked 
|  64|0x0000000709200000, 0x0000000709200000, 0x0000000709400000|  0%| F|  |TAMS 0x0000000709200000, 0x0000000709200000| Untracked 
|  65|0x0000000709400000, 0x0000000709400000, 0x0000000709600000|  0%| F|  |TAMS 0x0000000709400000, 0x0000000709400000| Untracked 
|  66|0x0000000709600000, 0x0000000709600000, 0x0000000709800000|  0%| F|  |TAMS 0x0000000709600000, 0x0000000709600000| Untracked 
|  67|0x0000000709800000, 0x0000000709800000, 0x0000000709a00000|  0%| F|  |TAMS 0x0000000709800000, 0x0000000709800000| Untracked 
|  68|0x0000000709a00000, 0x0000000709a00000, 0x0000000709c00000|  0%| F|  |TAMS 0x0000000709a00000, 0x0000000709a00000| Untracked 
|  69|0x0000000709c00000, 0x0000000709c00000, 0x0000000709e00000|  0%| F|  |TAMS 0x0000000709c00000, 0x0000000709c00000| Untracked 
|  70|0x0000000709e00000, 0x0000000709e00000, 0x000000070a000000|  0%| F|  |TAMS 0x0000000709e00000, 0x0000000709e00000| Untracked 
|  71|0x000000070a000000, 0x000000070a000000, 0x000000070a200000|  0%| F|  |TAMS 0x000000070a000000, 0x000000070a000000| Untracked 
|  72|0x000000070a200000, 0x000000070a200000, 0x000000070a400000|  0%| F|  |TAMS 0x000000070a200000, 0x000000070a200000| Untracked 
|  73|0x000000070a400000, 0x000000070a400000, 0x000000070a600000|  0%| F|  |TAMS 0x000000070a400000, 0x000000070a400000| Untracked 
|  74|0x000000070a600000, 0x000000070a600000, 0x000000070a800000|  0%| F|  |TAMS 0x000000070a600000, 0x000000070a600000| Untracked 
|  75|0x000000070a800000, 0x000000070a800000, 0x000000070aa00000|  0%| F|  |TAMS 0x000000070a800000, 0x000000070a800000| Untracked 
|  76|0x000000070aa00000, 0x000000070aa00000, 0x000000070ac00000|  0%| F|  |TAMS 0x000000070aa00000, 0x000000070aa00000| Untracked 
|  77|0x000000070ac00000, 0x000000070ac00000, 0x000000070ae00000|  0%| F|  |TAMS 0x000000070ac00000, 0x000000070ac00000| Untracked 
|  78|0x000000070ae00000, 0x000000070ae00000, 0x000000070b000000|  0%| F|  |TAMS 0x000000070ae00000, 0x000000070ae00000| Untracked 
|  79|0x000000070b000000, 0x000000070b000000, 0x000000070b200000|  0%| F|  |TAMS 0x000000070b000000, 0x000000070b000000| Untracked 
|  80|0x000000070b200000, 0x000000070b200000, 0x000000070b400000|  0%| F|  |TAMS 0x000000070b200000, 0x000000070b200000| Untracked 
|  81|0x000000070b400000, 0x000000070b400000, 0x000000070b600000|  0%| F|  |TAMS 0x000000070b400000, 0x000000070b400000| Untracked 
|  82|0x000000070b600000, 0x000000070b600000, 0x000000070b800000|  0%| F|  |TAMS 0x000000070b600000, 0x000000070b600000| Untracked 
|  83|0x000000070b800000, 0x000000070b800000, 0x000000070ba00000|  0%| F|  |TAMS 0x000000070b800000, 0x000000070b800000| Untracked 
|  84|0x000000070ba00000, 0x000000070ba00000, 0x000000070bc00000|  0%| F|  |TAMS 0x000000070ba00000, 0x000000070ba00000| Untracked 
|  85|0x000000070bc00000, 0x000000070bc00000, 0x000000070be00000|  0%| F|  |TAMS 0x000000070bc00000, 0x000000070bc00000| Untracked 
|  86|0x000000070be00000, 0x000000070be00000, 0x000000070c000000|  0%| F|  |TAMS 0x000000070be00000, 0x000000070be00000| Untracked 
|  87|0x000000070c000000, 0x000000070c000000, 0x000000070c200000|  0%| F|  |TAMS 0x000000070c000000, 0x000000070c000000| Untracked 
|  88|0x000000070c200000, 0x000000070c200000, 0x000000070c400000|  0%| F|  |TAMS 0x000000070c200000, 0x000000070c200000| Untracked 
|  89|0x000000070c400000, 0x000000070c400000, 0x000000070c600000|  0%| F|  |TAMS 0x000000070c400000, 0x000000070c400000| Untracked 
|  90|0x000000070c600000, 0x000000070c600000, 0x000000070c800000|  0%| F|  |TAMS 0x000000070c600000, 0x000000070c600000| Untracked 
|  91|0x000000070c800000, 0x000000070c800000, 0x000000070ca00000|  0%| F|  |TAMS 0x000000070c800000, 0x000000070c800000| Untracked 
|  92|0x000000070ca00000, 0x000000070ca00000, 0x000000070cc00000|  0%| F|  |TAMS 0x000000070ca00000, 0x000000070ca00000| Untracked 
|  93|0x000000070cc00000, 0x000000070cc00000, 0x000000070ce00000|  0%| F|  |TAMS 0x000000070cc00000, 0x000000070cc00000| Untracked 
|  94|0x000000070ce00000, 0x000000070ce00000, 0x000000070d000000|  0%| F|  |TAMS 0x000000070ce00000, 0x000000070ce00000| Untracked 
|  95|0x000000070d000000, 0x000000070d000000, 0x000000070d200000|  0%| F|  |TAMS 0x000000070d000000, 0x000000070d000000| Untracked 
|  96|0x000000070d200000, 0x000000070d200000, 0x000000070d400000|  0%| F|  |TAMS 0x000000070d200000, 0x000000070d200000| Untracked 
|  97|0x000000070d400000, 0x000000070d400000, 0x000000070d600000|  0%| F|  |TAMS 0x000000070d400000, 0x000000070d400000| Untracked 
|  98|0x000000070d600000, 0x000000070d600000, 0x000000070d800000|  0%| F|  |TAMS 0x000000070d600000, 0x000000070d600000| Untracked 
|  99|0x000000070d800000, 0x000000070d800000, 0x000000070da00000|  0%| F|  |TAMS 0x000000070d800000, 0x000000070d800000| Untracked 
| 100|0x000000070da00000, 0x000000070da00000, 0x000000070dc00000|  0%| F|  |TAMS 0x000000070da00000, 0x000000070da00000| Untracked 
| 101|0x000000070dc00000, 0x000000070dc00000, 0x000000070de00000|  0%| F|  |TAMS 0x000000070dc00000, 0x000000070dc00000| Untracked 
| 102|0x000000070de00000, 0x000000070de00000, 0x000000070e000000|  0%| F|  |TAMS 0x000000070de00000, 0x000000070de00000| Untracked 
| 103|0x000000070e000000, 0x000000070e000000, 0x000000070e200000|  0%| F|  |TAMS 0x000000070e000000, 0x000000070e000000| Untracked 
| 104|0x000000070e200000, 0x000000070e200000, 0x000000070e400000|  0%| F|  |TAMS 0x000000070e200000, 0x000000070e200000| Untracked 
| 105|0x000000070e400000, 0x000000070e400000, 0x000000070e600000|  0%| F|  |TAMS 0x000000070e400000, 0x000000070e400000| Untracked 
| 106|0x000000070e600000, 0x000000070e600000, 0x000000070e800000|  0%| F|  |TAMS 0x000000070e600000, 0x000000070e600000| Untracked 
| 107|0x000000070e800000, 0x000000070e800000, 0x000000070ea00000|  0%| F|  |TAMS 0x000000070e800000, 0x000000070e800000| Untracked 
| 108|0x000000070ea00000, 0x000000070ea00000, 0x000000070ec00000|  0%| F|  |TAMS 0x000000070ea00000, 0x000000070ea00000| Untracked 
| 109|0x000000070ec00000, 0x000000070ec00000, 0x000000070ee00000|  0%| F|  |TAMS 0x000000070ec00000, 0x000000070ec00000| Untracked 
| 110|0x000000070ee00000, 0x000000070ee00000, 0x000000070f000000|  0%| F|  |TAMS 0x000000070ee00000, 0x000000070ee00000| Untracked 
| 111|0x000000070f000000, 0x000000070f000000, 0x000000070f200000|  0%| F|  |TAMS 0x000000070f000000, 0x000000070f000000| Untracked 
| 112|0x000000070f200000, 0x000000070f200000, 0x000000070f400000|  0%| F|  |TAMS 0x000000070f200000, 0x000000070f200000| Untracked 
| 113|0x000000070f400000, 0x000000070f400000, 0x000000070f600000|  0%| F|  |TAMS 0x000000070f400000, 0x000000070f400000| Untracked 
| 114|0x000000070f600000, 0x000000070f600000, 0x000000070f800000|  0%| F|  |TAMS 0x000000070f600000, 0x000000070f600000| Untracked 
| 115|0x000000070f800000, 0x000000070f800000, 0x000000070fa00000|  0%| F|  |TAMS 0x000000070f800000, 0x000000070f800000| Untracked 
| 116|0x000000070fa00000, 0x000000070fa00000, 0x000000070fc00000|  0%| F|  |TAMS 0x000000070fa00000, 0x000000070fa00000| Untracked 
| 117|0x000000070fc00000, 0x000000070fc00000, 0x000000070fe00000|  0%| F|  |TAMS 0x000000070fc00000, 0x000000070fc00000| Untracked 
| 118|0x000000070fe00000, 0x000000070fe00000, 0x0000000710000000|  0%| F|  |TAMS 0x000000070fe00000, 0x000000070fe00000| Untracked 
| 119|0x0000000710000000, 0x0000000710000000, 0x0000000710200000|  0%| F|  |TAMS 0x0000000710000000, 0x0000000710000000| Untracked 
| 120|0x0000000710200000, 0x0000000710200000, 0x0000000710400000|  0%| F|  |TAMS 0x0000000710200000, 0x0000000710200000| Untracked 
| 121|0x0000000710400000, 0x0000000710400000, 0x0000000710600000|  0%| F|  |TAMS 0x0000000710400000, 0x0000000710400000| Untracked 
| 122|0x0000000710600000, 0x0000000710600000, 0x0000000710800000|  0%| F|  |TAMS 0x0000000710600000, 0x0000000710600000| Untracked 
| 123|0x0000000710800000, 0x0000000710800000, 0x0000000710a00000|  0%| F|  |TAMS 0x0000000710800000, 0x0000000710800000| Untracked 
| 124|0x0000000710a00000, 0x0000000710a00000, 0x0000000710c00000|  0%| F|  |TAMS 0x0000000710a00000, 0x0000000710a00000| Untracked 
| 125|0x0000000710c00000, 0x0000000710c00000, 0x0000000710e00000|  0%| F|  |TAMS 0x0000000710c00000, 0x0000000710c00000| Untracked 
| 126|0x0000000710e00000, 0x0000000710f45478, 0x0000000711000000| 63%| E|  |TAMS 0x0000000710e00000, 0x0000000710e00000| Complete 
| 127|0x0000000711000000, 0x0000000711200000, 0x0000000711200000|100%| E|CS|TAMS 0x0000000711000000, 0x0000000711000000| Complete 

Card table byte_map: [0x00000155db390000,0x00000155dbb90000] _byte_map_base: 0x00000155d7b87000

Marking Bits (Prev, Next): (CMBitMap*) 0x00000155c42d40f0, (CMBitMap*) 0x00000155c42d4130
 Prev Bits: [0x00000155dc390000, 0x00000155e0348000)
 Next Bits: [0x00000155e0350000, 0x00000155e4308000)

Polling page: 0x00000155c3a20000

Metaspace:

Usage:
  Non-class:    582.06 KB used.
      Class:     44.70 KB used.
       Both:    626.77 KB used.

Virtual space:
  Non-class space:       64.00 MB reserved,     640.00 KB ( <1%) committed,  1 nodes.
      Class space:        1.00 GB reserved,     128.00 KB ( <1%) committed,  1 nodes.
             Both:        1.06 GB reserved,     768.00 KB ( <1%) committed. 

Chunk freelists:
   Non-Class:  3.85 MB
       Class:  3.72 MB
        Both:  7.57 MB

MaxMetaspaceSize: unlimited
CompressedClassSpaceSize: 1.00 GB
Initial GC threshold: 21.00 MB
Current GC threshold: 21.00 MB
CDS: on
MetaspaceReclaimPolicy: balanced
 - commit_granule_bytes: 65536.
 - commit_granule_words: 8192.
 - virtual_space_node_default_size: 8388608.
 - enlarge_chunks_in_place: 1.
 - new_chunks_are_fully_committed: 0.
 - uncommit_free_chunks: 1.
 - use_allocation_guard: 0.


Internal statistics:

num_allocs_failed_limit: 0.
num_arena_births: 14.
num_arena_deaths: 0.
num_vsnodes_births: 2.
num_vsnodes_deaths: 0.
num_space_committed: 12.
num_space_uncommitted: 0.
num_chunks_returned_to_freelist: 0.
num_chunks_taken_from_freelist: 28.
num_chunk_merges: 0.
num_chunk_splits: 17.
num_chunks_enlarged: 13.
num_inconsistent_stats: 0.

CodeHeap 'non-profiled nmethods': size=120000Kb used=72Kb max_used=72Kb free=119927Kb
 bounds [0x00000155d3660000, 0x00000155d38d0000, 0x00000155dab90000]
CodeHeap 'profiled nmethods': size=120000Kb used=277Kb max_used=277Kb free=119722Kb
 bounds [0x00000155cc130000, 0x00000155cc3a0000, 0x00000155d3660000]
CodeHeap 'non-nmethods': size=5760Kb used=1111Kb max_used=1111Kb free=4648Kb
 bounds [0x00000155cbb90000, 0x00000155cbe00000, 0x00000155cc130000]
 total_blobs=613 nmethods=238 adapters=288
 compilation: enabled
              stopped_count=0, restarted_count=0
 full_count=0

Compilation events (20 events):
Event: 0.129 Thread 0x00000155e68019f0 nmethod 199 0x00000155cc171b90 code [0x00000155cc171d60, 0x00000155cc172038]
Event: 0.129 Thread 0x00000155e68019f0  202       3       java.util.jar.Manifest$FastInputStream::peek (38 bytes)
Event: 0.129 Thread 0x00000155e68019f0 nmethod 202 0x00000155cc172190 code [0x00000155cc172340, 0x00000155cc172568]
Event: 0.129 Thread 0x00000155e68019f0  201       3       java.util.zip.ZipFile::ensureOpen (40 bytes)
Event: 0.129 Thread 0x00000155e68019f0 nmethod 201 0x00000155cc172690 code [0x00000155cc172860, 0x00000155cc172af8]
Event: 0.130 Thread 0x00000155e68019f0  203       3       java.util.zip.ZipFile$Source::getEntryHash (7 bytes)
Event: 0.130 Thread 0x00000155e68019f0 nmethod 203 0x00000155cc172c10 code [0x00000155cc172da0, 0x00000155cc172ed8]
Event: 0.130 Thread 0x00000155e68019f0  204       3       java.io.RandomAccessFile::seek (22 bytes)
Event: 0.131 Thread 0x00000155e68019f0 nmethod 204 0x00000155cc172f90 code [0x00000155cc173140, 0x00000155cc173398]
Event: 0.131 Thread 0x00000155e68019f0  206       3       jdk.internal.misc.Unsafe::allocateUninitializedArray (55 bytes)
Event: 0.131 Thread 0x00000155e68019f0 nmethod 206 0x00000155cc173490 code [0x00000155cc173680, 0x00000155cc173af8]
Event: 0.131 Thread 0x00000155e68019f0  207       3       java.io.WinNTFileSystem::isLetter (30 bytes)
Event: 0.131 Thread 0x00000155e68019f0 nmethod 207 0x00000155cc173c90 code [0x00000155cc173e20, 0x00000155cc174038]
Event: 0.131 Thread 0x00000155e68019f0  210       3       java.io.RandomAccessFile::readFully (45 bytes)
Event: 0.132 Thread 0x00000155e68019f0 nmethod 210 0x00000155cc174110 code [0x00000155cc1742e0, 0x00000155cc174658]
Event: 0.132 Thread 0x00000155e68019f0  209       3       java.lang.ref.Reference::<init> (25 bytes)
Event: 0.132 Thread 0x00000155e68019f0 nmethod 209 0x00000155cc174810 code [0x00000155cc1749c0, 0x00000155cc174c58]
Event: 0.132 Thread 0x00000155e68019f0  211   !   3       jdk.internal.loader.URLClassPath$JarLoader::ensureOpen (36 bytes)
Event: 0.133 Thread 0x00000155e68019f0 nmethod 211 0x00000155cc174d10 code [0x00000155cc174ee0, 0x00000155cc175338]
Event: 0.133 Thread 0x00000155e68019f0  212       3       java.lang.String::<init> (830 bytes)

GC Heap History (0 events):
No events

Deoptimization events (0 events):
No events

Classes loaded (20 events):
Event: 0.087 Loading class jdk/internal/loader/URLClassPath$FileLoader
Event: 0.087 Loading class jdk/internal/loader/URLClassPath$FileLoader done
Event: 0.103 Loading class sun/net/www/protocol/file/FileURLConnection
Event: 0.103 Loading class sun/net/www/URLConnection
Event: 0.103 Loading class java/net/URLConnection
Event: 0.103 Loading class java/net/URLConnection done
Event: 0.103 Loading class sun/net/www/URLConnection done
Event: 0.103 Loading class sun/net/www/protocol/file/FileURLConnection done
Event: 0.104 Loading class sun/net/www/MessageHeader
Event: 0.104 Loading class sun/net/www/MessageHeader done
Event: 0.104 Loading class java/io/FilePermission$1
Event: 0.105 Loading class jdk/internal/access/JavaIOFilePermissionAccess
Event: 0.105 Loading class jdk/internal/access/JavaIOFilePermissionAccess done
Event: 0.105 Loading class java/io/FilePermission$1 done
Event: 0.107 Loading class java/io/FilePermissionCollection
Event: 0.108 Loading class java/io/FilePermissionCollection done
Event: 0.108 Loading class java/util/Vector
Event: 0.108 Loading class java/util/Vector done
Event: 0.108 Loading class java/io/FilePermissionCollection$1
Event: 0.108 Loading class java/io/FilePermissionCollection$1 done

Classes unloaded (0 events):
No events

Classes redefined (0 events):
No events

Internal exceptions (0 events):
No events

VM Operations (2 events):
Event: 0.066 Executing VM operation: HandshakeAllThreads
Event: 0.066 Executing VM operation: HandshakeAllThreads done

Events (17 events):
Event: 0.008 Loaded shared library C:\Program Files\Java\jdk-18.0.1.1\bin\java.dll
Event: 0.017 Loaded shared library C:\Program Files\Java\jdk-18.0.1.1\bin\jsvml.dll
Event: 0.017 Thread 0x00000155c4265940 Thread added: 0x00000155c4265940
Event: 0.019 Thread 0x00000155e67a0ed0 Thread added: 0x00000155e67a0ed0
Event: 0.019 Thread 0x00000155e67a3790 Thread added: 0x00000155e67a3790
Event: 0.030 Thread 0x00000155e67bca80 Thread added: 0x00000155e67bca80
Event: 0.031 Thread 0x00000155e67bf340 Thread added: 0x00000155e67bf340
Event: 0.031 Thread 0x00000155e67bfbf0 Thread added: 0x00000155e67bfbf0
Event: 0.031 Thread 0x00000155e67c04a0 Thread added: 0x00000155e67c04a0
Event: 0.031 Thread 0x00000155e67c1080 Thread added: 0x00000155e67c1080
Event: 0.032 Thread 0x00000155e68019f0 Thread added: 0x00000155e68019f0
Event: 0.033 Thread 0x00000155e6846a90 Thread added: 0x00000155e6846a90
Event: 0.051 Thread 0x00000155eacb50d0 Thread added: 0x00000155eacb50d0
Event: 0.055 Thread 0x00000155eacb5dc0 Thread added: 0x00000155eacb5dc0
Event: 0.059 Loaded shared library C:\Program Files\Java\jdk-18.0.1.1\bin\net.dll
Event: 0.061 Loaded shared library C:\Program Files\Java\jdk-18.0.1.1\bin\nio.dll
Event: 0.065 Loaded shared library C:\Program Files\Java\jdk-18.0.1.1\bin\zip.dll


Dynamic libraries:
0x00007ff748260000 - 0x00007ff748270000 	C:\Program Files\Java\jdk-18.0.1.1\bin\java.exe
0x00007ff8eab50000 - 0x00007ff8ead64000 	C:\WINDOWS\SYSTEM32\ntdll.dll
0x00007ff8e9b70000 - 0x00007ff8e9c32000 	C:\WINDOWS\System32\KERNEL32.DLL
0x00007ff8e7fa0000 - 0x00007ff8e833c000 	C:\WINDOWS\System32\KERNELBASE.dll
0x00007ff8e8730000 - 0x00007ff8e8841000 	C:\WINDOWS\System32\ucrtbase.dll
0x00007ff8d5630000 - 0x00007ff8d564a000 	C:\Program Files\Java\jdk-18.0.1.1\bin\VCRUNTIME140.dll
0x00007ff8dddf0000 - 0x00007ff8dde08000 	C:\Program Files\Java\jdk-18.0.1.1\bin\jli.dll
0x00007ff8ea0c0000 - 0x00007ff8ea16e000 	C:\WINDOWS\System32\ADVAPI32.dll
0x00007ff8e9ea0000 - 0x00007ff8e9f47000 	C:\WINDOWS\System32\msvcrt.dll
0x00007ff8e9df0000 - 0x00007ff8e9e94000 	C:\WINDOWS\System32\sechost.dll
0x00007ff8e95a0000 - 0x00007ff8e96b5000 	C:\WINDOWS\System32\RPCRT4.dll
0x00007ff8e9c40000 - 0x00007ff8e9deb000 	C:\WINDOWS\System32\USER32.dll
0x00007ff8e8690000 - 0x00007ff8e86b6000 	C:\WINDOWS\System32\win32u.dll
0x00007ff8dc850000 - 0x00007ff8dcade000 	C:\WINDOWS\WinSxS\amd64_microsoft.windows.common-controls_6595b64144ccf1df_6.0.22621.1_none_60e502bd9af5bef0\COMCTL32.dll
0x00007ff8e9b40000 - 0x00007ff8e9b69000 	C:\WINDOWS\System32\GDI32.dll
0x00007ff8e8850000 - 0x00007ff8e8962000 	C:\WINDOWS\System32\gdi32full.dll
0x00007ff8e8570000 - 0x00007ff8e860a000 	C:\WINDOWS\System32\msvcp_win.dll
0x00007ff8e0630000 - 0x00007ff8e063a000 	C:\WINDOWS\SYSTEM32\VERSION.dll
0x00007ff8ea560000 - 0x00007ff8ea591000 	C:\WINDOWS\System32\IMM32.DLL
0x00007ff8dccf0000 - 0x00007ff8dccfc000 	C:\Program Files\Java\jdk-18.0.1.1\bin\vcruntime140_1.dll
0x00007ff893860000 - 0x00007ff8938ed000 	C:\Program Files\Java\jdk-18.0.1.1\bin\msvcp140.dll
0x00007ff884a20000 - 0x00007ff885630000 	C:\Program Files\Java\jdk-18.0.1.1\bin\server\jvm.dll
0x00007ff8eaaf0000 - 0x00007ff8eaaf8000 	C:\WINDOWS\System32\PSAPI.DLL
0x00007ff8dcd90000 - 0x00007ff8dcd99000 	C:\WINDOWS\SYSTEM32\WSOCK32.dll
0x00007ff8e9fc0000 - 0x00007ff8ea031000 	C:\WINDOWS\System32\WS2_32.dll
0x00007ff8df0c0000 - 0x00007ff8df0f4000 	C:\WINDOWS\SYSTEM32\WINMM.dll
0x00007ff8e7100000 - 0x00007ff8e7118000 	C:\WINDOWS\SYSTEM32\kernel.appcore.dll
0x00007ff8dcb10000 - 0x00007ff8dcb1a000 	C:\Program Files\Java\jdk-18.0.1.1\bin\jimage.dll
0x00007ff8dfac0000 - 0x00007ff8dfcee000 	C:\WINDOWS\SYSTEM32\DBGHELP.DLL
0x00007ff8ea5a0000 - 0x00007ff8ea929000 	C:\WINDOWS\System32\combase.dll
0x00007ff8ea170000 - 0x00007ff8ea247000 	C:\WINDOWS\System32\OLEAUT32.dll
0x00007ff8d1280000 - 0x00007ff8d12b2000 	C:\WINDOWS\SYSTEM32\dbgcore.DLL
0x00007ff8e8610000 - 0x00007ff8e868b000 	C:\WINDOWS\System32\bcryptPrimitives.dll
0x00007ff8b0570000 - 0x00007ff8b0595000 	C:\Program Files\Java\jdk-18.0.1.1\bin\java.dll
0x00007ff890930000 - 0x00007ff890a06000 	C:\Program Files\Java\jdk-18.0.1.1\bin\jsvml.dll
0x00007ff8e8cc0000 - 0x00007ff8e9498000 	C:\WINDOWS\System32\SHELL32.dll
0x00007ff8e5fe0000 - 0x00007ff8e6898000 	C:\WINDOWS\SYSTEM32\windows.storage.dll
0x00007ff8e5ea0000 - 0x00007ff8e5fdd000 	C:\WINDOWS\SYSTEM32\wintypes.dll
0x00007ff8e94a0000 - 0x00007ff8e9591000 	C:\WINDOWS\System32\SHCORE.dll
0x00007ff8e8c60000 - 0x00007ff8e8cbe000 	C:\WINDOWS\System32\shlwapi.dll
0x00007ff8e7ed0000 - 0x00007ff8e7ef1000 	C:\WINDOWS\SYSTEM32\profapi.dll
0x00007ff8b0780000 - 0x00007ff8b0793000 	C:\Program Files\Java\jdk-18.0.1.1\bin\net.dll
0x00007ff8e08d0000 - 0x00007ff8e09ff000 	C:\WINDOWS\SYSTEM32\WINHTTP.dll
0x00007ff8e7560000 - 0x00007ff8e75c9000 	C:\WINDOWS\system32\mswsock.dll
0x00007ff8b05d0000 - 0x00007ff8b05e6000 	C:\Program Files\Java\jdk-18.0.1.1\bin\nio.dll
0x00007ff8b0520000 - 0x00007ff8b0538000 	C:\Program Files\Java\jdk-18.0.1.1\bin\zip.dll

dbghelp: loaded successfully - version: 4.0.5 - missing functions: none
symbol engine: initialized successfully - sym options: 0x614 - pdb path: .;C:\Program Files\Java\jdk-18.0.1.1\bin;C:\WINDOWS\SYSTEM32;C:\WINDOWS\WinSxS\amd64_microsoft.windows.common-controls_6595b64144ccf1df_6.0.22621.1_none_60e502bd9af5bef0;C:\Program Files\Java\jdk-18.0.1.1\bin\server

VM Arguments:
jvm_args: -Dclassworlds.conf=C:\Program Files\NetBeans-14\netbeans\java\maven\bin\m2.conf -Dmaven.home=C:\Program Files\NetBeans-14\netbeans\java\maven -Dlibrary.jansi.path=C:\Program Files\NetBeans-14\netbeans\java\maven\lib\jansi-native -Dmaven.multiModuleProjectDirectory=G:\Projects\Student_Management_System 
java_command: org.codehaus.plexus.classworlds.launcher.Launcher -Dexec.vmArgs= -Dexec.args=${exec.vmArgs} -classpath %classpath ${exec.mainClass} ${exec.appArgs} -Dexec.executable=C:\Program Files\Java\jdk-18.0.1.1\bin\java.exe -Dexec.mainClass=Source.Window -Dexec.classpathScope=runtime -Dexec.appArgs= -Dmaven.ext.class.path=C:\Program Files\NetBeans-14\netbeans\java\maven-nblib\netbeans-eventspy.jar org.codehaus.mojo:exec-maven-plugin:3.0.0:exec
java_class_path (initial): C:\Program Files\NetBeans-14\netbeans\java\maven\boot\plexus-classworlds-2.6.0.jar
Launcher Type: SUN_STANDARD

[Global flags]
     intx CICompilerCount                          = 3                                         {product} {ergonomic}
     uint ConcGCThreads                            = 1                                         {product} {ergonomic}
     uint G1ConcRefinementThreads                  = 4                                         {product} {ergonomic}
   size_t G1HeapRegionSize                         = 2097152                                   {product} {ergonomic}
    uintx GCDrainStackTargetSize                   = 64                                        {product} {ergonomic}
   size_t InitialHeapSize                          = 268435456                                 {product} {ergonomic}
   size_t MarkStackSize                            = 4194304                                   {product} {ergonomic}
   size_t MaxHeapSize                              = 4276092928                                {product} {ergonomic}
   size_t MaxNewSize                               = 2564816896                                {product} {ergonomic}
   size_t MinHeapDeltaBytes                        = 2097152                                   {product} {ergonomic}
   size_t MinHeapSize                              = 8388608                                   {product} {ergonomic}
    uintx NonNMethodCodeHeapSize                   = 5832780                                {pd product} {ergonomic}
    uintx NonProfiledCodeHeapSize                  = 122912730                              {pd product} {ergonomic}
    uintx ProfiledCodeHeapSize                     = 122912730                              {pd product} {ergonomic}
    uintx ReservedCodeCacheSize                    = 251658240                              {pd product} {ergonomic}
     bool SegmentedCodeCache                       = true                                      {product} {ergonomic}
   size_t SoftMaxHeapSize                          = 4276092928                             {manageable} {ergonomic}
     bool UseCompressedClassPointers               = true                           {product lp64_product} {ergonomic}
     bool UseCompressedOops                        = true                           {product lp64_product} {ergonomic}
     bool UseG1GC                                  = true                                      {product} {ergonomic}
     bool UseLargePagesIndividualAllocation        = false                                  {pd product} {ergonomic}

Logging:
Log output configuration:
 #0: stdout all=warning uptime,level,tags foldmultilines=false
 #1: stderr all=off uptime,level,tags foldmultilines=false

Environment Variables:
JAVA_HOME=C:\Program Files\Java\jdk-18.0.1.1
PATH=C:\Program Files\Common Files\Oracle\Java\javapath;C:\Program Files (x86)\Common Files\Oracle\Java\javapath;C:\WINDOWS\system32;C:\WINDOWS;C:\WINDOWS\System32\Wbem;C:\WINDOWS\System32\WindowsPowerShell\v1.0\;C:\WINDOWS\System32\OpenSSH\;C:\Program Files\Git\cmd;C:\Program Files\Microsoft SQL Server\Client SDK\ODBC\170\Tools\Binn\;C:\Program Files (x86)\Microsoft SQL Server\150\Tools\Binn\;C:\Program Files\Microsoft SQL Server\150\Tools\Binn\;C:\Program Files\Microsoft SQL Server\150\DTS\Binn\;C:\Users\tanuj\AppData\Local\Programs\Python\Python310\Scripts\;C:\Users\tanuj\AppData\Local\Programs\Python\Python310\;C:\Users\tanuj\AppData\Local\Microsoft\WindowsApps;;C:\Users\tanuj\AppData\Local\Programs\Microsoft VS Code\bin
USERNAME=tanuj
OS=Windows_NT
PROCESSOR_IDENTIFIER=AMD64 Family 23 Model 17 Stepping 0, AuthenticAMD



---------------  S Y S T E M  ---------------

OS:
 Windows 11 , 64 bit Build 22621 (10.0.22621.1)
OS uptime: 1 days 1:17 hours

CPU: total 4 (initial active 4) (4 cores per cpu, 1 threads per core) family 23 model 17 stepping 0 microcode 0x0, cx8, cmov, fxsr, mmx, 3dnowpref, sse, sse2, sse3, ssse3, sse4a, sse4.1, sse4.2, popcnt, lzcnt, tsc, tscinvbit, avx, avx2, aes, clmul, bmi1, bmi2, adx, sha, fma, vzeroupper, clflush, clflushopt

Memory: 4k page, system-wide physical 16307M (5823M free)
TotalPageFile size 29071M (AvailPageFile size 17M)
current process WorkingSet (physical memory assigned to process): 36M, peak: 36M
current process commit charge ("private bytes"): 337M, peak: 337M

vm_info: Java HotSpot(TM) 64-Bit Server VM (18.0.1.1+2-6) for windows-amd64 JRE (18.0.1.1+2-6), built on Apr 25 2022 21:53:15 by "mach5one" with MS VC++ 16.8 / 16.9 (VS2019)

END.
